<?xml version="1.0" encoding="UTF-8"?>
<!-- Generated by org.testng.reporters.JUnitReportReporter -->
<testsuite skipped="0" hostname="Amey" name="com.testcase.BookHotelTest" tests="2" failures="0" timestamp="2021-12-06T15:04:30 IST" time="71.391" errors="0">
  <testcase name="TestBookHotel2" time="36.098" classname="com.testcase.BookHotelTest"/>
  <system-out/>
  <testcase name="TestBookHotel" time="35.293" classname="com.testcase.BookHotelTest"/>
  <system-out/>
</testsuite> <!-- com.testcase.BookHotelTest -->
