<?xml version="1.0" encoding="UTF-8"?>
<!-- Generated by org.testng.reporters.JUnitReportReporter -->
<testsuite skipped="0" hostname="Amey" name="com.testcase.HotelSearchTest" tests="2" failures="0" timestamp="2021-12-06T15:04:30 IST" time="27.729" errors="0">
  <testcase name="validHotelSrch" time="11.511" classname="com.testcase.HotelSearchTest"/>
  <system-out/>
  <testcase name="invalidHotelSrch" time="16.218" classname="com.testcase.HotelSearchTest"/>
  <system-out/>
</testsuite> <!-- com.testcase.HotelSearchTest -->
