<?xml version="1.0" encoding="UTF-8"?>
<!-- Generated by org.testng.reporters.JUnitReportReporter -->
<testsuite skipped="0" hostname="Amey" name="com.testcase.TestSourceAndDestination" tests="4" failures="0" timestamp="2021-12-06T15:04:30 IST" time="62.272" errors="0">
  <testcase name="ValidSourceAndInvalidDestination" time="17.143" classname="com.testcase.TestSourceAndDestination"/>
  <system-out/>
  <testcase name="validSourceAndvalidDestination" time="21.180" classname="com.testcase.TestSourceAndDestination"/>
  <system-out/>
  <testcase name="InvalidSourceAndvalidDestination" time="13.189" classname="com.testcase.TestSourceAndDestination"/>
  <system-out/>
  <testcase name="InvalidSourceAndInvalidDestination" time="10.760" classname="com.testcase.TestSourceAndDestination"/>
  <system-out/>
</testsuite> <!-- com.testcase.TestSourceAndDestination -->
