<?xml version="1.0" encoding="UTF-8"?>
<!-- Generated by org.testng.reporters.JUnitReportReporter -->
<testsuite skipped="0" hostname="Amey" name="com.testcase.LoginPageTest" tests="3" failures="0" timestamp="2021-12-06T15:04:30 IST" time="39.470" errors="0">
  <testcase name="validateLoginInvalidNoTest" time="16.234" classname="com.testcase.LoginPageTest"/>
  <system-out/>
  <testcase name="validateLoginInvalidpassTest" time="12.690" classname="com.testcase.LoginPageTest"/>
  <system-out/>
  <testcase name="validateLoginTest" time="10.546" classname="com.testcase.LoginPageTest"/>
  <system-out/>
</testsuite> <!-- com.testcase.LoginPageTest -->
